[2019-12-07T19:53:31.521Z][QUERY]: START TRANSACTION
[2019-12-07T19:53:31.550Z][QUERY]: SELECT DATABASE() AS `db_name`
[2019-12-07T19:53:31.581Z][QUERY]: SELECT * FROM `INFORMATION_SCHEMA`.`TABLES` WHERE (`TABLE_SCHEMA` = 'spring_test' AND `TABLE_NAME` = 'user_info')
[2019-12-07T19:53:31.594Z][QUERY]: SELECT * FROM `INFORMATION_SCHEMA`.`COLUMNS` WHERE (`TABLE_SCHEMA` = 'spring_test' AND `TABLE_NAME` = 'user_info')
[2019-12-07T19:53:31.606Z][QUERY]: SELECT * FROM `INFORMATION_SCHEMA`.`KEY_COLUMN_USAGE` WHERE `CONSTRAINT_NAME` = 'PRIMARY' AND ((`TABLE_SCHEMA` = 'spring_test' AND `TABLE_NAME` = 'user_info'))
[2019-12-07T19:53:31.618Z][QUERY]: SELECT `SCHEMA_NAME`, `DEFAULT_CHARACTER_SET_NAME` as `CHARSET`, `DEFAULT_COLLATION_NAME` AS `COLLATION` FROM `INFORMATION_SCHEMA`.`SCHEMATA`
[2019-12-07T19:53:31.632Z][QUERY]: SELECT `s`.* FROM `INFORMATION_SCHEMA`.`STATISTICS` `s` LEFT JOIN `INFORMATION_SCHEMA`.`REFERENTIAL_CONSTRAINTS` `rc` ON `s`.`INDEX_NAME` = `rc`.`CONSTRAINT_NAME` WHERE ((`s`.`TABLE_SCHEMA` = 'spring_test' AND `s`.`TABLE_NAME` = 'user_info')) AND `s`.`INDEX_NAME` != 'PRIMARY' AND `rc`.`CONSTRAINT_NAME` IS NULL
[2019-12-07T19:53:31.644Z][QUERY]: SELECT `kcu`.`TABLE_SCHEMA`, `kcu`.`TABLE_NAME`, `kcu`.`CONSTRAINT_NAME`, `kcu`.`COLUMN_NAME`, `kcu`.`REFERENCED_TABLE_SCHEMA`, `kcu`.`REFERENCED_TABLE_NAME`, `kcu`.`REFERENCED_COLUMN_NAME`, `rc`.`DELETE_RULE` `ON_DELETE`, `rc`.`UPDATE_RULE` `ON_UPDATE` FROM `INFORMATION_SCHEMA`.`KEY_COLUMN_USAGE` `kcu` INNER JOIN `INFORMATION_SCHEMA`.`REFERENTIAL_CONSTRAINTS` `rc` ON `rc`.`constraint_name` = `kcu`.`constraint_name` WHERE (`kcu`.`TABLE_SCHEMA` = 'spring_test' AND `kcu`.`TABLE_NAME` = 'user_info')
[2019-12-07T19:53:31.727Z][QUERY]: SELECT VERSION() AS `version`
[2019-12-07T19:53:31.750Z][QUERY]: SELECT * FROM `INFORMATION_SCHEMA`.`COLUMNS` WHERE `TABLE_SCHEMA` = 'spring_test' AND `TABLE_NAME` = 'typeorm_metadata'
[2019-12-07T19:53:31.786Z][QUERY]: COMMIT
[2019-12-07T19:53:46.304Z][QUERY]: SELECT `UserInfo`.`email` AS `UserInfo_email`, `UserInfo`.`auth_key` AS `UserInfo_auth_key`, `UserInfo`.`user_pw` AS `UserInfo_user_pw`, `UserInfo`.`user_nm` AS `UserInfo_user_nm` FROM `user_info` `UserInfo`
[2019-12-07T19:53:47.186Z][QUERY]: SELECT `UserInfo`.`email` AS `UserInfo_email`, `UserInfo`.`auth_key` AS `UserInfo_auth_key`, `UserInfo`.`user_pw` AS `UserInfo_user_pw`, `UserInfo`.`user_nm` AS `UserInfo_user_nm` FROM `user_info` `UserInfo`
[2019-12-07T19:55:01.031Z][QUERY]: START TRANSACTION
[2019-12-07T19:55:01.059Z][QUERY]: SELECT DATABASE() AS `db_name`
[2019-12-07T19:55:01.082Z][QUERY]: SELECT * FROM `INFORMATION_SCHEMA`.`TABLES` WHERE (`TABLE_SCHEMA` = 'spring_test' AND `TABLE_NAME` = 'user_info')
[2019-12-07T19:55:01.105Z][QUERY]: SELECT * FROM `INFORMATION_SCHEMA`.`COLUMNS` WHERE (`TABLE_SCHEMA` = 'spring_test' AND `TABLE_NAME` = 'user_info')
[2019-12-07T19:55:01.129Z][QUERY]: SELECT * FROM `INFORMATION_SCHEMA`.`KEY_COLUMN_USAGE` WHERE `CONSTRAINT_NAME` = 'PRIMARY' AND ((`TABLE_SCHEMA` = 'spring_test' AND `TABLE_NAME` = 'user_info'))
[2019-12-07T19:55:01.153Z][QUERY]: SELECT `SCHEMA_NAME`, `DEFAULT_CHARACTER_SET_NAME` as `CHARSET`, `DEFAULT_COLLATION_NAME` AS `COLLATION` FROM `INFORMATION_SCHEMA`.`SCHEMATA`
[2019-12-07T19:55:01.180Z][QUERY]: SELECT `s`.* FROM `INFORMATION_SCHEMA`.`STATISTICS` `s` LEFT JOIN `INFORMATION_SCHEMA`.`REFERENTIAL_CONSTRAINTS` `rc` ON `s`.`INDEX_NAME` = `rc`.`CONSTRAINT_NAME` WHERE ((`s`.`TABLE_SCHEMA` = 'spring_test' AND `s`.`TABLE_NAME` = 'user_info')) AND `s`.`INDEX_NAME` != 'PRIMARY' AND `rc`.`CONSTRAINT_NAME` IS NULL
[2019-12-07T19:55:01.200Z][QUERY]: SELECT `kcu`.`TABLE_SCHEMA`, `kcu`.`TABLE_NAME`, `kcu`.`CONSTRAINT_NAME`, `kcu`.`COLUMN_NAME`, `kcu`.`REFERENCED_TABLE_SCHEMA`, `kcu`.`REFERENCED_TABLE_NAME`, `kcu`.`REFERENCED_COLUMN_NAME`, `rc`.`DELETE_RULE` `ON_DELETE`, `rc`.`UPDATE_RULE` `ON_UPDATE` FROM `INFORMATION_SCHEMA`.`KEY_COLUMN_USAGE` `kcu` INNER JOIN `INFORMATION_SCHEMA`.`REFERENTIAL_CONSTRAINTS` `rc` ON `rc`.`constraint_name` = `kcu`.`constraint_name` WHERE (`kcu`.`TABLE_SCHEMA` = 'spring_test' AND `kcu`.`TABLE_NAME` = 'user_info')
[2019-12-07T19:55:01.279Z][QUERY]: SELECT VERSION() AS `version`
[2019-12-07T19:55:01.311Z][QUERY]: SELECT * FROM `INFORMATION_SCHEMA`.`COLUMNS` WHERE `TABLE_SCHEMA` = 'spring_test' AND `TABLE_NAME` = 'typeorm_metadata'
[2019-12-07T19:55:01.365Z][QUERY]: COMMIT
[2019-12-07T20:04:54.154Z][QUERY]: START TRANSACTION
[2019-12-07T20:04:54.254Z][QUERY]: SELECT DATABASE() AS `db_name`
[2019-12-07T20:04:54.325Z][QUERY]: SELECT * FROM `INFORMATION_SCHEMA`.`TABLES` WHERE (`TABLE_SCHEMA` = 'spring_test' AND `TABLE_NAME` = 'user_info')
[2019-12-07T20:04:54.368Z][QUERY]: SELECT * FROM `INFORMATION_SCHEMA`.`COLUMNS` WHERE (`TABLE_SCHEMA` = 'spring_test' AND `TABLE_NAME` = 'user_info')
[2019-12-07T20:04:54.399Z][QUERY]: SELECT * FROM `INFORMATION_SCHEMA`.`KEY_COLUMN_USAGE` WHERE `CONSTRAINT_NAME` = 'PRIMARY' AND ((`TABLE_SCHEMA` = 'spring_test' AND `TABLE_NAME` = 'user_info'))
[2019-12-07T20:04:54.427Z][QUERY]: SELECT `SCHEMA_NAME`, `DEFAULT_CHARACTER_SET_NAME` as `CHARSET`, `DEFAULT_COLLATION_NAME` AS `COLLATION` FROM `INFORMATION_SCHEMA`.`SCHEMATA`
[2019-12-07T20:04:54.446Z][QUERY]: SELECT `s`.* FROM `INFORMATION_SCHEMA`.`STATISTICS` `s` LEFT JOIN `INFORMATION_SCHEMA`.`REFERENTIAL_CONSTRAINTS` `rc` ON `s`.`INDEX_NAME` = `rc`.`CONSTRAINT_NAME` WHERE ((`s`.`TABLE_SCHEMA` = 'spring_test' AND `s`.`TABLE_NAME` = 'user_info')) AND `s`.`INDEX_NAME` != 'PRIMARY' AND `rc`.`CONSTRAINT_NAME` IS NULL
[2019-12-07T20:04:54.464Z][QUERY]: SELECT `kcu`.`TABLE_SCHEMA`, `kcu`.`TABLE_NAME`, `kcu`.`CONSTRAINT_NAME`, `kcu`.`COLUMN_NAME`, `kcu`.`REFERENCED_TABLE_SCHEMA`, `kcu`.`REFERENCED_TABLE_NAME`, `kcu`.`REFERENCED_COLUMN_NAME`, `rc`.`DELETE_RULE` `ON_DELETE`, `rc`.`UPDATE_RULE` `ON_UPDATE` FROM `INFORMATION_SCHEMA`.`KEY_COLUMN_USAGE` `kcu` INNER JOIN `INFORMATION_SCHEMA`.`REFERENTIAL_CONSTRAINTS` `rc` ON `rc`.`constraint_name` = `kcu`.`constraint_name` WHERE (`kcu`.`TABLE_SCHEMA` = 'spring_test' AND `kcu`.`TABLE_NAME` = 'user_info')
[2019-12-07T20:04:54.586Z][QUERY]: SELECT VERSION() AS `version`
[2019-12-07T20:04:54.639Z][QUERY]: SELECT * FROM `INFORMATION_SCHEMA`.`COLUMNS` WHERE `TABLE_SCHEMA` = 'spring_test' AND `TABLE_NAME` = 'typeorm_metadata'
[2019-12-07T20:04:54.681Z][QUERY]: COMMIT
[2019-12-07T20:07:14.372Z][QUERY]: START TRANSACTION
[2019-12-07T20:07:14.398Z][QUERY]: SELECT DATABASE() AS `db_name`
[2019-12-07T20:07:14.422Z][QUERY]: SELECT * FROM `INFORMATION_SCHEMA`.`TABLES` WHERE (`TABLE_SCHEMA` = 'spring_test' AND `TABLE_NAME` = 'user_info')
[2019-12-07T20:07:14.440Z][QUERY]: SELECT * FROM `INFORMATION_SCHEMA`.`COLUMNS` WHERE (`TABLE_SCHEMA` = 'spring_test' AND `TABLE_NAME` = 'user_info')
[2019-12-07T20:07:14.457Z][QUERY]: SELECT * FROM `INFORMATION_SCHEMA`.`KEY_COLUMN_USAGE` WHERE `CONSTRAINT_NAME` = 'PRIMARY' AND ((`TABLE_SCHEMA` = 'spring_test' AND `TABLE_NAME` = 'user_info'))
[2019-12-07T20:07:14.474Z][QUERY]: SELECT `SCHEMA_NAME`, `DEFAULT_CHARACTER_SET_NAME` as `CHARSET`, `DEFAULT_COLLATION_NAME` AS `COLLATION` FROM `INFORMATION_SCHEMA`.`SCHEMATA`
[2019-12-07T20:07:14.491Z][QUERY]: SELECT `s`.* FROM `INFORMATION_SCHEMA`.`STATISTICS` `s` LEFT JOIN `INFORMATION_SCHEMA`.`REFERENTIAL_CONSTRAINTS` `rc` ON `s`.`INDEX_NAME` = `rc`.`CONSTRAINT_NAME` WHERE ((`s`.`TABLE_SCHEMA` = 'spring_test' AND `s`.`TABLE_NAME` = 'user_info')) AND `s`.`INDEX_NAME` != 'PRIMARY' AND `rc`.`CONSTRAINT_NAME` IS NULL
[2019-12-07T20:07:14.507Z][QUERY]: SELECT `kcu`.`TABLE_SCHEMA`, `kcu`.`TABLE_NAME`, `kcu`.`CONSTRAINT_NAME`, `kcu`.`COLUMN_NAME`, `kcu`.`REFERENCED_TABLE_SCHEMA`, `kcu`.`REFERENCED_TABLE_NAME`, `kcu`.`REFERENCED_COLUMN_NAME`, `rc`.`DELETE_RULE` `ON_DELETE`, `rc`.`UPDATE_RULE` `ON_UPDATE` FROM `INFORMATION_SCHEMA`.`KEY_COLUMN_USAGE` `kcu` INNER JOIN `INFORMATION_SCHEMA`.`REFERENTIAL_CONSTRAINTS` `rc` ON `rc`.`constraint_name` = `kcu`.`constraint_name` WHERE (`kcu`.`TABLE_SCHEMA` = 'spring_test' AND `kcu`.`TABLE_NAME` = 'user_info')
[2019-12-07T20:07:14.581Z][QUERY]: SELECT VERSION() AS `version`
[2019-12-07T20:07:14.611Z][QUERY]: SELECT * FROM `INFORMATION_SCHEMA`.`COLUMNS` WHERE `TABLE_SCHEMA` = 'spring_test' AND `TABLE_NAME` = 'typeorm_metadata'
[2019-12-07T20:07:14.649Z][QUERY]: COMMIT
[2019-12-07T20:09:26.918Z][QUERY]: START TRANSACTION
[2019-12-07T20:09:26.945Z][QUERY]: SELECT DATABASE() AS `db_name`
[2019-12-07T20:09:26.970Z][QUERY]: SELECT * FROM `INFORMATION_SCHEMA`.`TABLES` WHERE (`TABLE_SCHEMA` = 'spring_test' AND `TABLE_NAME` = 'user_info')
[2019-12-07T20:09:26.988Z][QUERY]: SELECT * FROM `INFORMATION_SCHEMA`.`COLUMNS` WHERE (`TABLE_SCHEMA` = 'spring_test' AND `TABLE_NAME` = 'user_info')
[2019-12-07T20:09:27.007Z][QUERY]: SELECT * FROM `INFORMATION_SCHEMA`.`KEY_COLUMN_USAGE` WHERE `CONSTRAINT_NAME` = 'PRIMARY' AND ((`TABLE_SCHEMA` = 'spring_test' AND `TABLE_NAME` = 'user_info'))
[2019-12-07T20:09:27.025Z][QUERY]: SELECT `SCHEMA_NAME`, `DEFAULT_CHARACTER_SET_NAME` as `CHARSET`, `DEFAULT_COLLATION_NAME` AS `COLLATION` FROM `INFORMATION_SCHEMA`.`SCHEMATA`
[2019-12-07T20:09:27.042Z][QUERY]: SELECT `s`.* FROM `INFORMATION_SCHEMA`.`STATISTICS` `s` LEFT JOIN `INFORMATION_SCHEMA`.`REFERENTIAL_CONSTRAINTS` `rc` ON `s`.`INDEX_NAME` = `rc`.`CONSTRAINT_NAME` WHERE ((`s`.`TABLE_SCHEMA` = 'spring_test' AND `s`.`TABLE_NAME` = 'user_info')) AND `s`.`INDEX_NAME` != 'PRIMARY' AND `rc`.`CONSTRAINT_NAME` IS NULL
[2019-12-07T20:09:27.059Z][QUERY]: SELECT `kcu`.`TABLE_SCHEMA`, `kcu`.`TABLE_NAME`, `kcu`.`CONSTRAINT_NAME`, `kcu`.`COLUMN_NAME`, `kcu`.`REFERENCED_TABLE_SCHEMA`, `kcu`.`REFERENCED_TABLE_NAME`, `kcu`.`REFERENCED_COLUMN_NAME`, `rc`.`DELETE_RULE` `ON_DELETE`, `rc`.`UPDATE_RULE` `ON_UPDATE` FROM `INFORMATION_SCHEMA`.`KEY_COLUMN_USAGE` `kcu` INNER JOIN `INFORMATION_SCHEMA`.`REFERENTIAL_CONSTRAINTS` `rc` ON `rc`.`constraint_name` = `kcu`.`constraint_name` WHERE (`kcu`.`TABLE_SCHEMA` = 'spring_test' AND `kcu`.`TABLE_NAME` = 'user_info')
[2019-12-07T20:09:27.159Z][QUERY]: SELECT VERSION() AS `version`
[2019-12-07T20:09:27.183Z][QUERY]: SELECT * FROM `INFORMATION_SCHEMA`.`COLUMNS` WHERE `TABLE_SCHEMA` = 'spring_test' AND `TABLE_NAME` = 'typeorm_metadata'
[2019-12-07T20:09:27.220Z][QUERY]: COMMIT
[2019-12-07T20:11:10.550Z][QUERY]: START TRANSACTION
[2019-12-07T20:11:10.580Z][QUERY]: SELECT DATABASE() AS `db_name`
[2019-12-07T20:11:10.607Z][QUERY]: SELECT * FROM `INFORMATION_SCHEMA`.`TABLES` WHERE (`TABLE_SCHEMA` = 'spring_test' AND `TABLE_NAME` = 'user_info')
[2019-12-07T20:11:10.626Z][QUERY]: SELECT * FROM `INFORMATION_SCHEMA`.`COLUMNS` WHERE (`TABLE_SCHEMA` = 'spring_test' AND `TABLE_NAME` = 'user_info')
[2019-12-07T20:11:10.646Z][QUERY]: SELECT * FROM `INFORMATION_SCHEMA`.`KEY_COLUMN_USAGE` WHERE `CONSTRAINT_NAME` = 'PRIMARY' AND ((`TABLE_SCHEMA` = 'spring_test' AND `TABLE_NAME` = 'user_info'))
[2019-12-07T20:11:10.663Z][QUERY]: SELECT `SCHEMA_NAME`, `DEFAULT_CHARACTER_SET_NAME` as `CHARSET`, `DEFAULT_COLLATION_NAME` AS `COLLATION` FROM `INFORMATION_SCHEMA`.`SCHEMATA`
[2019-12-07T20:11:10.681Z][QUERY]: SELECT `s`.* FROM `INFORMATION_SCHEMA`.`STATISTICS` `s` LEFT JOIN `INFORMATION_SCHEMA`.`REFERENTIAL_CONSTRAINTS` `rc` ON `s`.`INDEX_NAME` = `rc`.`CONSTRAINT_NAME` WHERE ((`s`.`TABLE_SCHEMA` = 'spring_test' AND `s`.`TABLE_NAME` = 'user_info')) AND `s`.`INDEX_NAME` != 'PRIMARY' AND `rc`.`CONSTRAINT_NAME` IS NULL
[2019-12-07T20:11:10.699Z][QUERY]: SELECT `kcu`.`TABLE_SCHEMA`, `kcu`.`TABLE_NAME`, `kcu`.`CONSTRAINT_NAME`, `kcu`.`COLUMN_NAME`, `kcu`.`REFERENCED_TABLE_SCHEMA`, `kcu`.`REFERENCED_TABLE_NAME`, `kcu`.`REFERENCED_COLUMN_NAME`, `rc`.`DELETE_RULE` `ON_DELETE`, `rc`.`UPDATE_RULE` `ON_UPDATE` FROM `INFORMATION_SCHEMA`.`KEY_COLUMN_USAGE` `kcu` INNER JOIN `INFORMATION_SCHEMA`.`REFERENTIAL_CONSTRAINTS` `rc` ON `rc`.`constraint_name` = `kcu`.`constraint_name` WHERE (`kcu`.`TABLE_SCHEMA` = 'spring_test' AND `kcu`.`TABLE_NAME` = 'user_info')
[2019-12-07T20:11:10.772Z][QUERY]: SELECT VERSION() AS `version`
[2019-12-07T20:11:10.796Z][QUERY]: SELECT * FROM `INFORMATION_SCHEMA`.`COLUMNS` WHERE `TABLE_SCHEMA` = 'spring_test' AND `TABLE_NAME` = 'typeorm_metadata'
[2019-12-07T20:11:10.833Z][QUERY]: COMMIT
[2019-12-07T20:12:08.551Z][QUERY]: START TRANSACTION
[2019-12-07T20:12:08.571Z][QUERY]: SELECT DATABASE() AS `db_name`
[2019-12-07T20:12:08.589Z][QUERY]: SELECT * FROM `INFORMATION_SCHEMA`.`TABLES` WHERE (`TABLE_SCHEMA` = 'spring_test' AND `TABLE_NAME` = 'user_info')
[2019-12-07T20:12:08.602Z][QUERY]: SELECT * FROM `INFORMATION_SCHEMA`.`COLUMNS` WHERE (`TABLE_SCHEMA` = 'spring_test' AND `TABLE_NAME` = 'user_info')
[2019-12-07T20:12:08.615Z][QUERY]: SELECT * FROM `INFORMATION_SCHEMA`.`KEY_COLUMN_USAGE` WHERE `CONSTRAINT_NAME` = 'PRIMARY' AND ((`TABLE_SCHEMA` = 'spring_test' AND `TABLE_NAME` = 'user_info'))
[2019-12-07T20:12:08.628Z][QUERY]: SELECT `SCHEMA_NAME`, `DEFAULT_CHARACTER_SET_NAME` as `CHARSET`, `DEFAULT_COLLATION_NAME` AS `COLLATION` FROM `INFORMATION_SCHEMA`.`SCHEMATA`
[2019-12-07T20:12:08.643Z][QUERY]: SELECT `s`.* FROM `INFORMATION_SCHEMA`.`STATISTICS` `s` LEFT JOIN `INFORMATION_SCHEMA`.`REFERENTIAL_CONSTRAINTS` `rc` ON `s`.`INDEX_NAME` = `rc`.`CONSTRAINT_NAME` WHERE ((`s`.`TABLE_SCHEMA` = 'spring_test' AND `s`.`TABLE_NAME` = 'user_info')) AND `s`.`INDEX_NAME` != 'PRIMARY' AND `rc`.`CONSTRAINT_NAME` IS NULL
[2019-12-07T20:12:08.660Z][QUERY]: SELECT `kcu`.`TABLE_SCHEMA`, `kcu`.`TABLE_NAME`, `kcu`.`CONSTRAINT_NAME`, `kcu`.`COLUMN_NAME`, `kcu`.`REFERENCED_TABLE_SCHEMA`, `kcu`.`REFERENCED_TABLE_NAME`, `kcu`.`REFERENCED_COLUMN_NAME`, `rc`.`DELETE_RULE` `ON_DELETE`, `rc`.`UPDATE_RULE` `ON_UPDATE` FROM `INFORMATION_SCHEMA`.`KEY_COLUMN_USAGE` `kcu` INNER JOIN `INFORMATION_SCHEMA`.`REFERENTIAL_CONSTRAINTS` `rc` ON `rc`.`constraint_name` = `kcu`.`constraint_name` WHERE (`kcu`.`TABLE_SCHEMA` = 'spring_test' AND `kcu`.`TABLE_NAME` = 'user_info')
[2019-12-07T20:12:08.732Z][QUERY]: SELECT VERSION() AS `version`
[2019-12-07T20:12:08.759Z][QUERY]: SELECT * FROM `INFORMATION_SCHEMA`.`COLUMNS` WHERE `TABLE_SCHEMA` = 'spring_test' AND `TABLE_NAME` = 'typeorm_metadata'
[2019-12-07T20:12:08.796Z][QUERY]: COMMIT
[2019-12-07T20:13:19.103Z][QUERY]: START TRANSACTION
[2019-12-07T20:13:19.135Z][QUERY]: SELECT DATABASE() AS `db_name`
[2019-12-07T20:13:19.159Z][QUERY]: SELECT * FROM `INFORMATION_SCHEMA`.`TABLES` WHERE (`TABLE_SCHEMA` = 'spring_test' AND `TABLE_NAME` = 'user_info')
[2019-12-07T20:13:19.177Z][QUERY]: SELECT * FROM `INFORMATION_SCHEMA`.`COLUMNS` WHERE (`TABLE_SCHEMA` = 'spring_test' AND `TABLE_NAME` = 'user_info')
[2019-12-07T20:13:19.198Z][QUERY]: SELECT * FROM `INFORMATION_SCHEMA`.`KEY_COLUMN_USAGE` WHERE `CONSTRAINT_NAME` = 'PRIMARY' AND ((`TABLE_SCHEMA` = 'spring_test' AND `TABLE_NAME` = 'user_info'))
[2019-12-07T20:13:19.226Z][QUERY]: SELECT `SCHEMA_NAME`, `DEFAULT_CHARACTER_SET_NAME` as `CHARSET`, `DEFAULT_COLLATION_NAME` AS `COLLATION` FROM `INFORMATION_SCHEMA`.`SCHEMATA`
[2019-12-07T20:13:19.245Z][QUERY]: SELECT `s`.* FROM `INFORMATION_SCHEMA`.`STATISTICS` `s` LEFT JOIN `INFORMATION_SCHEMA`.`REFERENTIAL_CONSTRAINTS` `rc` ON `s`.`INDEX_NAME` = `rc`.`CONSTRAINT_NAME` WHERE ((`s`.`TABLE_SCHEMA` = 'spring_test' AND `s`.`TABLE_NAME` = 'user_info')) AND `s`.`INDEX_NAME` != 'PRIMARY' AND `rc`.`CONSTRAINT_NAME` IS NULL
[2019-12-07T20:13:19.277Z][QUERY]: SELECT `kcu`.`TABLE_SCHEMA`, `kcu`.`TABLE_NAME`, `kcu`.`CONSTRAINT_NAME`, `kcu`.`COLUMN_NAME`, `kcu`.`REFERENCED_TABLE_SCHEMA`, `kcu`.`REFERENCED_TABLE_NAME`, `kcu`.`REFERENCED_COLUMN_NAME`, `rc`.`DELETE_RULE` `ON_DELETE`, `rc`.`UPDATE_RULE` `ON_UPDATE` FROM `INFORMATION_SCHEMA`.`KEY_COLUMN_USAGE` `kcu` INNER JOIN `INFORMATION_SCHEMA`.`REFERENTIAL_CONSTRAINTS` `rc` ON `rc`.`constraint_name` = `kcu`.`constraint_name` WHERE (`kcu`.`TABLE_SCHEMA` = 'spring_test' AND `kcu`.`TABLE_NAME` = 'user_info')
[2019-12-07T20:13:19.362Z][QUERY]: SELECT VERSION() AS `version`
[2019-12-07T20:13:19.388Z][QUERY]: SELECT * FROM `INFORMATION_SCHEMA`.`COLUMNS` WHERE `TABLE_SCHEMA` = 'spring_test' AND `TABLE_NAME` = 'typeorm_metadata'
[2019-12-07T20:13:19.429Z][QUERY]: COMMIT
[2019-12-07T20:15:15.253Z][QUERY]: START TRANSACTION
[2019-12-07T20:15:15.313Z][QUERY]: SELECT DATABASE() AS `db_name`
[2019-12-07T20:15:15.352Z][QUERY]: SELECT * FROM `INFORMATION_SCHEMA`.`TABLES` WHERE (`TABLE_SCHEMA` = 'spring_test' AND `TABLE_NAME` = 'user_info')
[2019-12-07T20:15:15.381Z][QUERY]: SELECT * FROM `INFORMATION_SCHEMA`.`COLUMNS` WHERE (`TABLE_SCHEMA` = 'spring_test' AND `TABLE_NAME` = 'user_info')
[2019-12-07T20:15:15.426Z][QUERY]: SELECT * FROM `INFORMATION_SCHEMA`.`KEY_COLUMN_USAGE` WHERE `CONSTRAINT_NAME` = 'PRIMARY' AND ((`TABLE_SCHEMA` = 'spring_test' AND `TABLE_NAME` = 'user_info'))
[2019-12-07T20:15:15.461Z][QUERY]: SELECT `SCHEMA_NAME`, `DEFAULT_CHARACTER_SET_NAME` as `CHARSET`, `DEFAULT_COLLATION_NAME` AS `COLLATION` FROM `INFORMATION_SCHEMA`.`SCHEMATA`
[2019-12-07T20:15:15.494Z][QUERY]: SELECT `s`.* FROM `INFORMATION_SCHEMA`.`STATISTICS` `s` LEFT JOIN `INFORMATION_SCHEMA`.`REFERENTIAL_CONSTRAINTS` `rc` ON `s`.`INDEX_NAME` = `rc`.`CONSTRAINT_NAME` WHERE ((`s`.`TABLE_SCHEMA` = 'spring_test' AND `s`.`TABLE_NAME` = 'user_info')) AND `s`.`INDEX_NAME` != 'PRIMARY' AND `rc`.`CONSTRAINT_NAME` IS NULL
[2019-12-07T20:15:15.520Z][QUERY]: SELECT `kcu`.`TABLE_SCHEMA`, `kcu`.`TABLE_NAME`, `kcu`.`CONSTRAINT_NAME`, `kcu`.`COLUMN_NAME`, `kcu`.`REFERENCED_TABLE_SCHEMA`, `kcu`.`REFERENCED_TABLE_NAME`, `kcu`.`REFERENCED_COLUMN_NAME`, `rc`.`DELETE_RULE` `ON_DELETE`, `rc`.`UPDATE_RULE` `ON_UPDATE` FROM `INFORMATION_SCHEMA`.`KEY_COLUMN_USAGE` `kcu` INNER JOIN `INFORMATION_SCHEMA`.`REFERENTIAL_CONSTRAINTS` `rc` ON `rc`.`constraint_name` = `kcu`.`constraint_name` WHERE (`kcu`.`TABLE_SCHEMA` = 'spring_test' AND `kcu`.`TABLE_NAME` = 'user_info')
[2019-12-07T20:15:15.593Z][QUERY]: SELECT VERSION() AS `version`
[2019-12-07T20:15:15.617Z][QUERY]: SELECT * FROM `INFORMATION_SCHEMA`.`COLUMNS` WHERE `TABLE_SCHEMA` = 'spring_test' AND `TABLE_NAME` = 'typeorm_metadata'
[2019-12-07T20:15:15.677Z][QUERY]: COMMIT
[2019-12-07T20:18:49.402Z][QUERY]: START TRANSACTION
[2019-12-07T20:18:49.437Z][QUERY]: SELECT DATABASE() AS `db_name`
[2019-12-07T20:18:49.463Z][QUERY]: SELECT * FROM `INFORMATION_SCHEMA`.`TABLES` WHERE (`TABLE_SCHEMA` = 'spring_test' AND `TABLE_NAME` = 'user_info')
[2019-12-07T20:18:49.482Z][QUERY]: SELECT * FROM `INFORMATION_SCHEMA`.`COLUMNS` WHERE (`TABLE_SCHEMA` = 'spring_test' AND `TABLE_NAME` = 'user_info')
[2019-12-07T20:18:49.499Z][QUERY]: SELECT * FROM `INFORMATION_SCHEMA`.`KEY_COLUMN_USAGE` WHERE `CONSTRAINT_NAME` = 'PRIMARY' AND ((`TABLE_SCHEMA` = 'spring_test' AND `TABLE_NAME` = 'user_info'))
[2019-12-07T20:18:49.518Z][QUERY]: SELECT `SCHEMA_NAME`, `DEFAULT_CHARACTER_SET_NAME` as `CHARSET`, `DEFAULT_COLLATION_NAME` AS `COLLATION` FROM `INFORMATION_SCHEMA`.`SCHEMATA`
[2019-12-07T20:18:49.535Z][QUERY]: SELECT `s`.* FROM `INFORMATION_SCHEMA`.`STATISTICS` `s` LEFT JOIN `INFORMATION_SCHEMA`.`REFERENTIAL_CONSTRAINTS` `rc` ON `s`.`INDEX_NAME` = `rc`.`CONSTRAINT_NAME` WHERE ((`s`.`TABLE_SCHEMA` = 'spring_test' AND `s`.`TABLE_NAME` = 'user_info')) AND `s`.`INDEX_NAME` != 'PRIMARY' AND `rc`.`CONSTRAINT_NAME` IS NULL
[2019-12-07T20:18:49.557Z][QUERY]: SELECT `kcu`.`TABLE_SCHEMA`, `kcu`.`TABLE_NAME`, `kcu`.`CONSTRAINT_NAME`, `kcu`.`COLUMN_NAME`, `kcu`.`REFERENCED_TABLE_SCHEMA`, `kcu`.`REFERENCED_TABLE_NAME`, `kcu`.`REFERENCED_COLUMN_NAME`, `rc`.`DELETE_RULE` `ON_DELETE`, `rc`.`UPDATE_RULE` `ON_UPDATE` FROM `INFORMATION_SCHEMA`.`KEY_COLUMN_USAGE` `kcu` INNER JOIN `INFORMATION_SCHEMA`.`REFERENTIAL_CONSTRAINTS` `rc` ON `rc`.`constraint_name` = `kcu`.`constraint_name` WHERE (`kcu`.`TABLE_SCHEMA` = 'spring_test' AND `kcu`.`TABLE_NAME` = 'user_info')
[2019-12-07T20:18:49.625Z][QUERY]: SELECT VERSION() AS `version`
[2019-12-07T20:18:49.656Z][QUERY]: SELECT * FROM `INFORMATION_SCHEMA`.`COLUMNS` WHERE `TABLE_SCHEMA` = 'spring_test' AND `TABLE_NAME` = 'typeorm_metadata'
[2019-12-07T20:18:49.696Z][QUERY]: COMMIT
[2019-12-14T09:33:59.236Z][QUERY]: START TRANSACTION
[2019-12-14T09:33:59.339Z][QUERY]: SELECT DATABASE() AS `db_name`
[2019-12-14T09:33:59.366Z][QUERY]: SELECT * FROM `INFORMATION_SCHEMA`.`TABLES` WHERE (`TABLE_SCHEMA` = 'spring_test' AND `TABLE_NAME` = 'user_info')
[2019-12-14T09:33:59.393Z][QUERY]: SELECT * FROM `INFORMATION_SCHEMA`.`COLUMNS` WHERE (`TABLE_SCHEMA` = 'spring_test' AND `TABLE_NAME` = 'user_info')
[2019-12-14T09:33:59.414Z][QUERY]: SELECT * FROM `INFORMATION_SCHEMA`.`KEY_COLUMN_USAGE` WHERE `CONSTRAINT_NAME` = 'PRIMARY' AND ((`TABLE_SCHEMA` = 'spring_test' AND `TABLE_NAME` = 'user_info'))
[2019-12-14T09:33:59.457Z][QUERY]: SELECT `SCHEMA_NAME`, `DEFAULT_CHARACTER_SET_NAME` as `CHARSET`, `DEFAULT_COLLATION_NAME` AS `COLLATION` FROM `INFORMATION_SCHEMA`.`SCHEMATA`
[2019-12-14T09:33:59.485Z][QUERY]: SELECT `s`.* FROM `INFORMATION_SCHEMA`.`STATISTICS` `s` LEFT JOIN `INFORMATION_SCHEMA`.`REFERENTIAL_CONSTRAINTS` `rc` ON `s`.`INDEX_NAME` = `rc`.`CONSTRAINT_NAME` WHERE ((`s`.`TABLE_SCHEMA` = 'spring_test' AND `s`.`TABLE_NAME` = 'user_info')) AND `s`.`INDEX_NAME` != 'PRIMARY' AND `rc`.`CONSTRAINT_NAME` IS NULL
[2019-12-14T09:33:59.511Z][QUERY]: SELECT `kcu`.`TABLE_SCHEMA`, `kcu`.`TABLE_NAME`, `kcu`.`CONSTRAINT_NAME`, `kcu`.`COLUMN_NAME`, `kcu`.`REFERENCED_TABLE_SCHEMA`, `kcu`.`REFERENCED_TABLE_NAME`, `kcu`.`REFERENCED_COLUMN_NAME`, `rc`.`DELETE_RULE` `ON_DELETE`, `rc`.`UPDATE_RULE` `ON_UPDATE` FROM `INFORMATION_SCHEMA`.`KEY_COLUMN_USAGE` `kcu` INNER JOIN `INFORMATION_SCHEMA`.`REFERENTIAL_CONSTRAINTS` `rc` ON `rc`.`constraint_name` = `kcu`.`constraint_name` WHERE (`kcu`.`TABLE_SCHEMA` = 'spring_test' AND `kcu`.`TABLE_NAME` = 'user_info')
[2019-12-14T09:33:59.885Z][QUERY]: SELECT VERSION() AS `version`
[2019-12-14T09:33:59.942Z][QUERY]: SELECT * FROM `INFORMATION_SCHEMA`.`COLUMNS` WHERE `TABLE_SCHEMA` = 'spring_test' AND `TABLE_NAME` = 'typeorm_metadata'
[2019-12-14T09:33:59.991Z][QUERY]: COMMIT
